<?xml version="1.0" encoding="UTF-8"?>
<coverage generated="1749154563701" clover="3.2.0">
  <project timestamp="1749154563701" name="All files">
    <metrics statements="14" coveredstatements="14" conditionals="8" coveredconditionals="8" methods="1" coveredmethods="1" elements="23" coveredelements="23" complexity="0" loc="14" ncloc="14" packages="1" files="1" classes="1"/>
    <file name="util.js" path="/Users/kosye/practice/node/nodejs-service-skeleton/app/util/util.js">
      <metrics statements="14" coveredstatements="14" conditionals="8" coveredconditionals="8" methods="1" coveredmethods="1"/>
      <line num="3" count="1" type="stmt"/>
      <line num="5" count="7" type="cond" truecount="2" falsecount="0"/>
      <line num="6" count="1" type="stmt"/>
      <line num="9" count="6" type="cond" truecount="4" falsecount="0"/>
      <line num="10" count="4" type="stmt"/>
      <line num="13" count="2" type="stmt"/>
      <line num="14" count="2" type="stmt"/>
      <line num="16" count="2" type="stmt"/>
      <line num="17" count="3" type="cond" truecount="2" falsecount="0"/>
      <line num="18" count="1" type="stmt"/>
      <line num="20" count="2" type="stmt"/>
      <line num="21" count="2" type="stmt"/>
      <line num="24" count="1" type="stmt"/>
      <line num="27" count="1" type="stmt"/>
    </file>
  </project>
</coverage>
