TN:
SF:app/util/util.js
FN:3,(anonymous_0)
FNF:1
FNH:1
FNDA:7,(anonymous_0)
DA:3,1
DA:5,7
DA:6,1
DA:9,6
DA:10,4
DA:13,2
DA:14,2
DA:16,2
DA:17,3
DA:18,1
DA:20,2
DA:21,2
DA:24,1
DA:27,1
LF:14
LH:14
BRDA:5,0,0,1
BRDA:5,0,1,6
BRDA:9,1,0,4
BRDA:9,1,1,2
BRDA:9,2,0,6
BRDA:9,2,1,6
BRDA:17,3,0,1
BRDA:17,3,1,2
BRF:8
BRH:8
end_of_record
TN:
SF:app/util/validator.js
FN:5,(anonymous_0)
FNF:1
FNH:1
FNDA:7,(anonymous_0)
DA:3,1
DA:5,1
DA:7,7
DA:8,1
DA:11,6
DA:23,6
DA:26,1
LF:7
LH:7
BRDA:7,0,0,1
BRDA:7,0,1,6
BRDA:23,1,0,6
BRDA:23,1,1,0
BRF:4
BRH:3
end_of_record
